<?xml version="1.0" encoding="UTF-8"?>
<testng-results skipped="0" failed="0" ignored="0" total="1" passed="1">
  <reporter-output>
  </reporter-output>
  <suite name="be.ap.test.DemoSeleniumTest" duration-ms="57737" started-at="2020-09-17T16:03:18Z" finished-at="2020-09-17T16:04:15Z">
    <groups>
      <group name="cucumber">
        <method signature="AbstractTestNGCucumberTests.feature(cucumber.api.testng.CucumberFeatureWrapper)[pri:0, instance:be.ap.test.DemoSeleniumTest@2096442d]" name="feature" class="cucumber.api.testng.AbstractTestNGCucumberTests"/>
      </group> <!-- cucumber -->
    </groups>
    <test name="Command line test" duration-ms="57737" started-at="2020-09-17T16:03:18Z" finished-at="2020-09-17T16:04:15Z">
      <class name="be.ap.test.DemoSeleniumTest">
        <test-method status="PASS" signature="setUpClass()[pri:0, instance:be.ap.test.DemoSeleniumTest@2096442d]" name="setUpClass" is-config="true" duration-ms="653" started-at="2020-09-17T16:03:18Z" finished-at="2020-09-17T16:03:18Z">
          <reporter-output>
          </reporter-output>
        </test-method> <!-- setUpClass -->
        <test-method status="PASS" signature="feature(cucumber.api.testng.CucumberFeatureWrapper)[pri:0, instance:be.ap.test.DemoSeleniumTest@2096442d]" name="feature" duration-ms="56826" started-at="2020-09-17T16:03:19Z" description="Runs Cucumber Feature" data-provider="features" finished-at="2020-09-17T16:04:15Z">
          <params>
            <param index="0">
              <value>
                <![CDATA[Demo Selenium Tests]]>
              </value>
            </param>
          </params>
          <reporter-output>
          </reporter-output>
        </test-method> <!-- feature -->
        <test-method status="PASS" signature="tearDownClass()[pri:0, instance:be.ap.test.DemoSeleniumTest@2096442d]" name="tearDownClass" is-config="true" duration-ms="29" started-at="2020-09-17T16:04:15Z" finished-at="2020-09-17T16:04:15Z">
          <reporter-output>
          </reporter-output>
        </test-method> <!-- tearDownClass -->
      </class> <!-- be.ap.test.DemoSeleniumTest -->
    </test> <!-- Command line test -->
  </suite> <!-- be.ap.test.DemoSeleniumTest -->
</testng-results>
